0 info it worked if it ends with ok
1 verbose cli [ '/usr/local/bin/node',
1 verbose cli   '/usr/local/bin/npm',
1 verbose cli   'i',
1 verbose cli   'namespace.coffee' ]
2 info using npm@1.1.65
3 info using node@v0.8.14
4 verbose read json /home/supersym/projects/docpad/plugins/docpad-plugin-classroom/package.json
5 verbose read json /home/supersym/projects/docpad/plugins/docpad-plugin-classroom/node_modules/docpad-plugin-stylus/package.json
6 verbose read json /home/supersym/projects/docpad/plugins/docpad-plugin-classroom/node_modules/docpad-plugin-coffeescript/package.json
7 verbose read json /home/supersym/projects/docpad/plugins/docpad-plugin-classroom/node_modules/docpad-plugin-jade/package.json
8 verbose read json /home/supersym/projects/docpad/plugins/docpad-plugin-classroom/node_modules/crojsdoc/package.json
9 verbose read json /home/supersym/projects/docpad/plugins/docpad-plugin-classroom/node_modules/docpad-plugin-html2jade/package.json
10 verbose from cache /home/supersym/projects/docpad/plugins/docpad-plugin-classroom/package.json
11 verbose readDependencies using package.json deps
12 verbose cache add [ 'namespace.coffee', null ]
13 silly cache add name=undefined spec="namespace.coffee" args=["namespace.coffee",null]
14 verbose parsed url { pathname: 'namespace.coffee',
14 verbose parsed url   path: 'namespace.coffee',
14 verbose parsed url   href: 'namespace.coffee' }
15 silly lockFile 62bcf459-namespace-coffee namespace.coffee
16 verbose lock namespace.coffee /home/supersym/.npm/62bcf459-namespace-coffee.lock
17 silly lockFile 62bcf459-namespace-coffee namespace.coffee
18 verbose addNamed [ 'namespace.coffee', '' ]
19 verbose addNamed [ null, '' ]
20 silly lockFile 70526903-namespace-coffee namespace.coffee@
21 verbose lock namespace.coffee@ /home/supersym/.npm/70526903-namespace-coffee.lock
22 silly addNameRange { name: 'namespace.coffee', range: '', hasData: false }
23 verbose url raw namespace.coffee
24 verbose url resolving [ 'https://registry.npmjs.org/', './namespace.coffee' ]
25 verbose url resolved https://registry.npmjs.org/namespace.coffee
26 info trying registry request attempt 1 at 01:30:53
27 http GET https://registry.npmjs.org/namespace.coffee
28 http 404 https://registry.npmjs.org/namespace.coffee
29 silly registry.get cb [ 404,
29 silly registry.get   { server: 'CouchDB/1.2.1 (Erlang OTP/R15B)',
29 silly registry.get     date: 'Mon, 14 Jan 2013 00:29:28 GMT',
29 silly registry.get     'content-type': 'application/json',
29 silly registry.get     'content-length': '52',
29 silly registry.get     'cache-control': 'must-revalidate' } ]
30 silly lockFile 70526903-namespace-coffee namespace.coffee@
31 error 404 'namespace.coffee' is not in the npm registry.
31 error 404 You should bug the author to publish it
31 error 404
31 error 404 Note that you can also install from a
31 error 404 tarball, folder, or http url, or git url.
32 error System Linux 3.7.1-3-ck
33 error command "/usr/local/bin/node" "/usr/local/bin/npm" "i" "namespace.coffee"
34 error cwd /home/supersym/projects/docpad/plugins/docpad-plugin-classroom/sandbox
35 error node -v v0.8.14
36 error npm -v 1.1.65
37 error code E404
38 verbose exit [ 1, true ]
